12/13/2024 11:29:44 PM - <module> - INFO: 
12/13/2024 11:29:44 PM - <module> - INFO: 
12/13/2024 11:29:44 PM - <module> - INFO: 
12/13/2024 11:29:44 PM - <module> - INFO: 
12/13/2024 11:29:44 PM - <module> - INFO: 
12/13/2024 11:29:44 PM - <module> - INFO: 
12/13/2024 11:29:44 PM - <module> - INFO: 
12/13/2024 11:29:44 PM - <module> - INFO: 
12/13/2024 11:29:44 PM - <module> - INFO: 
12/13/2024 11:29:46 PM - test_saucedemo_valid_login - INFO: Starting tests: test_saucedemo_valid_login
12/13/2024 11:29:46 PM - test_saucedemo_invalid_login - INFO: Starting tests: test_saucedemo_valid_login
12/13/2024 11:29:46 PM - test_saucedemo_valid_login - INFO: Open SauceDemo Website
12/13/2024 11:29:46 PM - test_saucedemo_invalid_login - INFO: Open SauceDemo Website
12/13/2024 11:29:47 PM - test_saucedemo_valid_login - INFO: Login using username and password
12/13/2024 11:29:47 PM - test_saucedemo_invalid_login - INFO: Login using username and password
12/13/2024 11:29:47 PM - test_saucedemo_invalid_login - INFO: Click Login Button
12/13/2024 11:29:47 PM - test_saucedemo_invalid_login - INFO: Verify invalid login error message
12/13/2024 11:29:47 PM - test_saucedemo_valid_login - INFO: Swag Labs logo should be displayed
12/13/2024 11:29:47 PM - SauceDemoPage - INFO: Actual Error Message = Epic sadface: Username and password do not match any user in this service
12/13/2024 11:30:02 PM - <module> - INFO: 
12/13/2024 11:30:02 PM - <module> - INFO: 
12/13/2024 11:30:02 PM - <module> - INFO: 
12/13/2024 11:30:02 PM - <module> - INFO: 
12/13/2024 11:30:02 PM - <module> - INFO: 
12/13/2024 11:30:02 PM - <module> - INFO: 
12/13/2024 11:30:02 PM - <module> - INFO: 
12/13/2024 11:30:03 PM - <module> - INFO: 
12/13/2024 11:30:03 PM - <module> - INFO: 
12/13/2024 11:30:04 PM - test_saucedemo_valid_login - INFO: Starting tests: test_saucedemo_valid_login
12/13/2024 11:30:04 PM - test_saucedemo_valid_login - INFO: Open SauceDemo Website
12/13/2024 11:30:04 PM - test_saucedemo_invalid_login - INFO: Starting tests: test_saucedemo_valid_login
12/13/2024 11:30:04 PM - test_saucedemo_invalid_login - INFO: Open SauceDemo Website
12/13/2024 11:30:04 PM - test_saucedemo_valid_login - INFO: Login using username and password
12/13/2024 11:30:04 PM - test_saucedemo_invalid_login - INFO: Login using username and password
12/13/2024 11:30:05 PM - test_saucedemo_valid_login - INFO: Swag Labs logo should be displayed
12/13/2024 11:30:05 PM - test_saucedemo_invalid_login - INFO: Click Login Button
12/13/2024 11:30:05 PM - test_saucedemo_invalid_login - INFO: Verify invalid login error message
12/13/2024 11:30:05 PM - SauceDemoPage - INFO: Actual Error Message = Epic sadface: Username and password do not match any user in this service
12/13/2024 11:31:42 PM - <module> - INFO: 
12/13/2024 11:31:42 PM - <module> - INFO: 
12/13/2024 11:31:42 PM - <module> - INFO: 
12/13/2024 11:31:42 PM - <module> - INFO: 
12/13/2024 11:31:42 PM - <module> - INFO: 
12/13/2024 11:31:42 PM - <module> - INFO: 
12/13/2024 11:31:42 PM - <module> - INFO: 
12/13/2024 11:31:42 PM - <module> - INFO: 
12/13/2024 11:31:43 PM - <module> - INFO: 
12/13/2024 11:31:44 PM - test_saucedemo_valid_login - INFO: Starting tests: test_saucedemo_valid_login
12/13/2024 11:31:44 PM - test_saucedemo_valid_login - INFO: Open SauceDemo Website
12/13/2024 11:31:44 PM - test_saucedemo_invalid_login - INFO: Starting tests: test_saucedemo_valid_login
12/13/2024 11:31:44 PM - test_saucedemo_invalid_login - INFO: Open SauceDemo Website
12/13/2024 11:31:45 PM - test_saucedemo_invalid_login - INFO: Login using username and password
12/13/2024 11:31:45 PM - test_saucedemo_valid_login - INFO: Login using username and password
12/13/2024 11:31:45 PM - test_saucedemo_invalid_login - INFO: Click Login Button
12/13/2024 11:31:45 PM - test_saucedemo_invalid_login - INFO: Verify invalid login error message
12/13/2024 11:31:45 PM - test_saucedemo_valid_login - INFO: Swag Labs logo should be displayed
12/13/2024 11:31:45 PM - SauceDemoPage - INFO: Actual Error Message = Epic sadface: Username and password do not match any user in this service
12/13/2024 11:36:29 PM - <module> - INFO: 
12/13/2024 11:36:29 PM - <module> - INFO: 
12/13/2024 11:36:29 PM - <module> - INFO: 
12/13/2024 11:36:29 PM - <module> - INFO: 
12/13/2024 11:36:29 PM - <module> - INFO: 
12/13/2024 11:36:29 PM - <module> - INFO: 
12/13/2024 11:36:29 PM - <module> - INFO: 
12/13/2024 11:36:29 PM - <module> - INFO: 
12/13/2024 11:36:29 PM - <module> - INFO: 
12/13/2024 11:36:31 PM - test_saucedemo_invalid_login_incorrect_password - INFO: Starting tests: template
12/13/2024 11:36:31 PM - test_saucedemo_invalid_login_incorrect_password - INFO: Open SauceDemo Website
12/13/2024 11:36:31 PM - test_saucedemo_invalid_login_incorrect_password - INFO: Login using username and password
12/13/2024 11:36:31 PM - test_saucedemo_invalid_login_incorrect_password - INFO: Swag Labs logo should be displayed
12/13/2024 11:38:15 PM - <module> - INFO: 
12/13/2024 11:38:15 PM - <module> - INFO: 
12/13/2024 11:38:15 PM - <module> - INFO: 
12/13/2024 11:38:15 PM - <module> - INFO: 
12/13/2024 11:38:15 PM - <module> - INFO: 
12/13/2024 11:38:15 PM - <module> - INFO: 
12/13/2024 11:38:15 PM - <module> - INFO: 
12/13/2024 11:38:15 PM - <module> - INFO: 
12/13/2024 11:38:15 PM - <module> - INFO: 
12/13/2024 11:38:17 PM - test_saucedemo_invalid_login_incorrect_password - INFO: Starting tests: template
12/13/2024 11:38:17 PM - SauceDemoPage - INFO: Actual Error Message = Epic sadface: Username and password do not match any user in this service
12/13/2024 11:40:53 PM - <module> - INFO: 
12/13/2024 11:40:53 PM - <module> - INFO: 
12/13/2024 11:40:53 PM - <module> - INFO: 
12/13/2024 11:40:53 PM - <module> - INFO: 
12/13/2024 11:40:53 PM - <module> - INFO: 
12/13/2024 11:40:53 PM - <module> - INFO: 
12/13/2024 11:40:53 PM - <module> - INFO: 
12/13/2024 11:40:53 PM - <module> - INFO: 
12/13/2024 11:40:53 PM - <module> - INFO: 
12/13/2024 11:40:54 PM - test_saucedemo_invalid_login_incorrect_password - INFO: Starting tests: template
12/13/2024 11:40:55 PM - SauceDemoPage - INFO: Actual Error Message = Epic sadface: Sorry, this user has been locked out.
12/13/2024 11:41:09 PM - <module> - INFO: 
12/13/2024 11:41:09 PM - <module> - INFO: 
12/13/2024 11:41:09 PM - <module> - INFO: 
12/13/2024 11:41:09 PM - <module> - INFO: 
12/13/2024 11:41:09 PM - <module> - INFO: 
12/13/2024 11:41:09 PM - <module> - INFO: 
12/13/2024 11:41:09 PM - <module> - INFO: 
12/13/2024 11:41:09 PM - <module> - INFO: 
12/13/2024 11:41:09 PM - <module> - INFO: 
12/13/2024 11:41:10 PM - test_saucedemo_invalid_login_incorrect_password - INFO: Starting tests: template
12/13/2024 11:41:10 PM - test_saucedemo_invalid_login_locked_out_user - INFO: Starting tests: template
12/13/2024 11:41:11 PM - SauceDemoPage - INFO: Actual Error Message = Epic sadface: Sorry, this user has been locked out.
12/13/2024 11:41:11 PM - SauceDemoPage - INFO: Actual Error Message = Epic sadface: Username and password do not match any user in this service
12/13/2024 11:59:48 PM - <module> - INFO: 
12/13/2024 11:59:49 PM - <module> - INFO: 
12/13/2024 11:59:49 PM - <module> - INFO: 
12/13/2024 11:59:49 PM - <module> - INFO: 
12/13/2024 11:59:49 PM - <module> - INFO: 
12/13/2024 11:59:49 PM - <module> - INFO: 
12/13/2024 11:59:49 PM - <module> - INFO: 
12/13/2024 11:59:49 PM - <module> - INFO: 
12/13/2024 11:59:49 PM - <module> - INFO: 
12/14/2024 12:00:10 AM - <module> - INFO: 
12/14/2024 12:00:10 AM - <module> - INFO: 
12/14/2024 12:00:10 AM - <module> - INFO: 
12/14/2024 12:00:10 AM - <module> - INFO: 
12/14/2024 12:00:10 AM - <module> - INFO: 
12/14/2024 12:00:10 AM - <module> - INFO: 
12/14/2024 12:00:10 AM - <module> - INFO: 
12/14/2024 12:00:10 AM - <module> - INFO: 
12/14/2024 12:00:10 AM - <module> - INFO: 
12/14/2024 12:00:17 AM - <module> - INFO: 
12/14/2024 12:00:17 AM - <module> - INFO: 
12/14/2024 12:00:17 AM - <module> - INFO: 
12/14/2024 12:00:17 AM - <module> - INFO: 
12/14/2024 12:00:18 AM - <module> - INFO: 
12/14/2024 12:00:18 AM - <module> - INFO: 
12/14/2024 12:00:18 AM - <module> - INFO: 
12/14/2024 12:00:18 AM - <module> - INFO: 
12/14/2024 12:00:18 AM - <module> - INFO: 
12/14/2024 12:00:29 AM - <module> - INFO: 
12/14/2024 12:00:29 AM - <module> - INFO: 
12/14/2024 12:00:29 AM - <module> - INFO: 
12/14/2024 12:00:29 AM - <module> - INFO: 
12/14/2024 12:00:29 AM - <module> - INFO: 
12/14/2024 12:00:29 AM - <module> - INFO: 
12/14/2024 12:00:29 AM - <module> - INFO: 
12/14/2024 12:00:29 AM - <module> - INFO: 
12/14/2024 12:00:29 AM - <module> - INFO: 
12/14/2024 12:00:41 AM - <module> - INFO: 
12/14/2024 12:00:42 AM - <module> - INFO: 
12/14/2024 12:00:42 AM - <module> - INFO: 
12/14/2024 12:00:42 AM - <module> - INFO: 
12/14/2024 12:00:42 AM - <module> - INFO: 
12/14/2024 12:00:42 AM - <module> - INFO: 
12/14/2024 12:00:42 AM - <module> - INFO: 
12/14/2024 12:00:42 AM - <module> - INFO: 
12/14/2024 12:00:42 AM - <module> - INFO: 
12/14/2024 08:03:45 AM - test_saucedemo_valid_login - INFO: Starting tests: test_saucedemo_valid_login
12/14/2024 08:03:45 AM - test_saucedemo_valid_login - INFO: Open SauceDemo Website
12/14/2024 08:03:45 AM - test_saucedemo_valid_login - INFO: Login using username and password
12/14/2024 08:03:46 AM - test_saucedemo_valid_login - INFO: Swag Labs logo should be displayed
12/14/2024 08:03:46 AM - SauceDemoPage - INFO: Actual Error Message = Epic sadface: Username and password do not match any user in this service
12/14/2024 08:03:46 AM - SauceDemoPage - INFO: Actual Error Message = Epic sadface: Sorry, this user has been locked out.
12/14/2024 08:03:58 AM - test_saucedemo_valid_login - INFO: Starting tests: test_saucedemo_valid_login
12/14/2024 08:03:58 AM - test_saucedemo_valid_login - INFO: Open SauceDemo Website
12/14/2024 08:03:59 AM - test_saucedemo_valid_login - INFO: Login using username and password
12/14/2024 08:03:59 AM - test_saucedemo_valid_login - INFO: Swag Labs logo should be displayed
12/14/2024 08:03:59 AM - SauceDemoPage - INFO: Actual Error Message = Epic sadface: Username and password do not match any user in this service
12/14/2024 08:03:59 AM - SauceDemoPage - INFO: Actual Error Message = Epic sadface: Sorry, this user has been locked out.
